running egg_info
creating build/yolov11_ros2/yolov11_ros2.egg-info
writing build/yolov11_ros2/yolov11_ros2.egg-info/PKG-INFO
writing dependency_links to build/yolov11_ros2/yolov11_ros2.egg-info/dependency_links.txt
writing entry points to build/yolov11_ros2/yolov11_ros2.egg-info/entry_points.txt
writing requirements to build/yolov11_ros2/yolov11_ros2.egg-info/requires.txt
writing top-level names to build/yolov11_ros2/yolov11_ros2.egg-info/top_level.txt
writing manifest file 'build/yolov11_ros2/yolov11_ros2.egg-info/SOURCES.txt'
reading manifest file 'build/yolov11_ros2/yolov11_ros2.egg-info/SOURCES.txt'
writing manifest file 'build/yolov11_ros2/yolov11_ros2.egg-info/SOURCES.txt'
running build
running build_py
creating /home/aaronmcafee/ros2_ws/src/yolov11_ros2/build/yolov11_ros2/build/lib/yolov11_ros2
copying yolov11_ros2/__init__.py -> /home/aaronmcafee/ros2_ws/src/yolov11_ros2/build/yolov11_ros2/build/lib/yolov11_ros2
copying yolov11_ros2/detection_node.py -> /home/aaronmcafee/ros2_ws/src/yolov11_ros2/build/yolov11_ros2/build/lib/yolov11_ros2
running install
running install_lib
creating /home/aaronmcafee/ros2_ws/src/yolov11_ros2/install/yolov11_ros2/lib/python3.10/site-packages/yolov11_ros2
copying /home/aaronmcafee/ros2_ws/src/yolov11_ros2/build/yolov11_ros2/build/lib/yolov11_ros2/__init__.py -> /home/aaronmcafee/ros2_ws/src/yolov11_ros2/install/yolov11_ros2/lib/python3.10/site-packages/yolov11_ros2
copying /home/aaronmcafee/ros2_ws/src/yolov11_ros2/build/yolov11_ros2/build/lib/yolov11_ros2/detection_node.py -> /home/aaronmcafee/ros2_ws/src/yolov11_ros2/install/yolov11_ros2/lib/python3.10/site-packages/yolov11_ros2
byte-compiling /home/aaronmcafee/ros2_ws/src/yolov11_ros2/install/yolov11_ros2/lib/python3.10/site-packages/yolov11_ros2/__init__.py to __init__.cpython-310.pyc
byte-compiling /home/aaronmcafee/ros2_ws/src/yolov11_ros2/install/yolov11_ros2/lib/python3.10/site-packages/yolov11_ros2/detection_node.py to detection_node.cpython-310.pyc
running install_data
creating /home/aaronmcafee/ros2_ws/src/yolov11_ros2/install/yolov11_ros2/share/ament_index/resource_index/packages
copying resource/yolov11_ros2 -> /home/aaronmcafee/ros2_ws/src/yolov11_ros2/install/yolov11_ros2/share/ament_index/resource_index/packages
copying package.xml -> /home/aaronmcafee/ros2_ws/src/yolov11_ros2/install/yolov11_ros2/share/yolov11_ros2
creating /home/aaronmcafee/ros2_ws/src/yolov11_ros2/install/yolov11_ros2/share/yolov11_ros2/launch
creating /home/aaronmcafee/ros2_ws/src/yolov11_ros2/install/yolov11_ros2/share/yolov11_ros2/config
running install_egg_info
Copying build/yolov11_ros2/yolov11_ros2.egg-info to /home/aaronmcafee/ros2_ws/src/yolov11_ros2/install/yolov11_ros2/lib/python3.10/site-packages/yolov11_ros2-0.0.1-py3.10.egg-info
running install_scripts
Installing detection_node script to /home/aaronmcafee/ros2_ws/src/yolov11_ros2/install/yolov11_ros2/lib/yolov11_ros2
Installing rgbd_to_pointcloud script to /home/aaronmcafee/ros2_ws/src/yolov11_ros2/install/yolov11_ros2/lib/yolov11_ros2
writing list of installed files to '/home/aaronmcafee/ros2_ws/src/yolov11_ros2/build/yolov11_ros2/install.log'
