[0.558s] Invoking command in '/home/aaronmcafee/ros2_ws/src/yolov11_ros2': CONDA_PROMPT_MODIFIER=(base) PYTHONPATH=/home/aaronmcafee/ros2_ws/src/yolov11_ros2/build/yolov11_ros2/prefix_override:/usr/lib/python3/dist-packages/colcon_core/task/python/colcon_distutils_commands:/home/aaronmcafee/ros2_ws/src/yolov11_ros2/install/yolov11_ros2/lib/python3.10/site-packages:${PYTHONPATH} /usr/bin/python3 -W ignore:setup.py install is deprecated -W ignore:easy_install command is deprecated setup.py egg_info --egg-base build/yolov11_ros2 build --build-base /home/aaronmcafee/ros2_ws/src/yolov11_ros2/build/yolov11_ros2/build install --record /home/aaronmcafee/ros2_ws/src/yolov11_ros2/build/yolov11_ros2/install.log --single-version-externally-managed install_data
[0.693s] running egg_info
[0.702s] creating build/yolov11_ros2/yolov11_ros2.egg-info
[0.702s] writing build/yolov11_ros2/yolov11_ros2.egg-info/PKG-INFO
[0.702s] writing dependency_links to build/yolov11_ros2/yolov11_ros2.egg-info/dependency_links.txt
[0.702s] writing entry points to build/yolov11_ros2/yolov11_ros2.egg-info/entry_points.txt
[0.702s] writing requirements to build/yolov11_ros2/yolov11_ros2.egg-info/requires.txt
[0.702s] writing top-level names to build/yolov11_ros2/yolov11_ros2.egg-info/top_level.txt
[0.702s] writing manifest file 'build/yolov11_ros2/yolov11_ros2.egg-info/SOURCES.txt'
[0.720s] reading manifest file 'build/yolov11_ros2/yolov11_ros2.egg-info/SOURCES.txt'
[0.721s] writing manifest file 'build/yolov11_ros2/yolov11_ros2.egg-info/SOURCES.txt'
[0.721s] running build
[0.721s] running build_py
[0.721s] creating /home/aaronmcafee/ros2_ws/src/yolov11_ros2/build/yolov11_ros2/build/lib/yolov11_ros2
[0.721s] copying yolov11_ros2/__init__.py -> /home/aaronmcafee/ros2_ws/src/yolov11_ros2/build/yolov11_ros2/build/lib/yolov11_ros2
[0.721s] copying yolov11_ros2/detection_node.py -> /home/aaronmcafee/ros2_ws/src/yolov11_ros2/build/yolov11_ros2/build/lib/yolov11_ros2
[0.721s] running install
[0.723s] running install_lib
[0.732s] creating /home/aaronmcafee/ros2_ws/src/yolov11_ros2/install/yolov11_ros2/lib/python3.10/site-packages/yolov11_ros2
[0.733s] copying /home/aaronmcafee/ros2_ws/src/yolov11_ros2/build/yolov11_ros2/build/lib/yolov11_ros2/__init__.py -> /home/aaronmcafee/ros2_ws/src/yolov11_ros2/install/yolov11_ros2/lib/python3.10/site-packages/yolov11_ros2
[0.733s] copying /home/aaronmcafee/ros2_ws/src/yolov11_ros2/build/yolov11_ros2/build/lib/yolov11_ros2/detection_node.py -> /home/aaronmcafee/ros2_ws/src/yolov11_ros2/install/yolov11_ros2/lib/python3.10/site-packages/yolov11_ros2
[0.733s] byte-compiling /home/aaronmcafee/ros2_ws/src/yolov11_ros2/install/yolov11_ros2/lib/python3.10/site-packages/yolov11_ros2/__init__.py to __init__.cpython-310.pyc
[0.733s] byte-compiling /home/aaronmcafee/ros2_ws/src/yolov11_ros2/install/yolov11_ros2/lib/python3.10/site-packages/yolov11_ros2/detection_node.py to detection_node.cpython-310.pyc
[0.735s] running install_data
[0.735s] creating /home/aaronmcafee/ros2_ws/src/yolov11_ros2/install/yolov11_ros2/share/ament_index/resource_index/packages
[0.736s] copying resource/yolov11_ros2 -> /home/aaronmcafee/ros2_ws/src/yolov11_ros2/install/yolov11_ros2/share/ament_index/resource_index/packages
[0.736s] copying package.xml -> /home/aaronmcafee/ros2_ws/src/yolov11_ros2/install/yolov11_ros2/share/yolov11_ros2
[0.736s] creating /home/aaronmcafee/ros2_ws/src/yolov11_ros2/install/yolov11_ros2/share/yolov11_ros2/launch
[0.736s] creating /home/aaronmcafee/ros2_ws/src/yolov11_ros2/install/yolov11_ros2/share/yolov11_ros2/config
[0.736s] running install_egg_info
[0.745s] Copying build/yolov11_ros2/yolov11_ros2.egg-info to /home/aaronmcafee/ros2_ws/src/yolov11_ros2/install/yolov11_ros2/lib/python3.10/site-packages/yolov11_ros2-0.0.1-py3.10.egg-info
[0.745s] running install_scripts
[0.764s] Installing detection_node script to /home/aaronmcafee/ros2_ws/src/yolov11_ros2/install/yolov11_ros2/lib/yolov11_ros2
[0.764s] Installing rgbd_to_pointcloud script to /home/aaronmcafee/ros2_ws/src/yolov11_ros2/install/yolov11_ros2/lib/yolov11_ros2
[0.764s] writing list of installed files to '/home/aaronmcafee/ros2_ws/src/yolov11_ros2/build/yolov11_ros2/install.log'
[0.774s] Invoked command in '/home/aaronmcafee/ros2_ws/src/yolov11_ros2' returned '0': CONDA_PROMPT_MODIFIER=(base) PYTHONPATH=/home/aaronmcafee/ros2_ws/src/yolov11_ros2/build/yolov11_ros2/prefix_override:/usr/lib/python3/dist-packages/colcon_core/task/python/colcon_distutils_commands:/home/aaronmcafee/ros2_ws/src/yolov11_ros2/install/yolov11_ros2/lib/python3.10/site-packages:${PYTHONPATH} /usr/bin/python3 -W ignore:setup.py install is deprecated -W ignore:easy_install command is deprecated setup.py egg_info --egg-base build/yolov11_ros2 build --build-base /home/aaronmcafee/ros2_ws/src/yolov11_ros2/build/yolov11_ros2/build install --record /home/aaronmcafee/ros2_ws/src/yolov11_ros2/build/yolov11_ros2/install.log --single-version-externally-managed install_data
